  ApplicationGUI.cpp
C:\Program Files\Microsoft Visual Studio\2022\Community\VC\Tools\MSVC\14.38.33130\include\cmath(673,1): warning C4244: 'return': conversion from 'double' to 'float', possible loss of data
  (compiling source file 'Platform/GUI/Walnut/ApplicationGUI.cpp')
  C:\Program Files\Microsoft Visual Studio\2022\Community\VC\Tools\MSVC\14.38.33130\include\cmath(673,1):
  the template instantiation context (the oldest one first) is
  	D:\Repositories\TagGame\Walnut\Walnut\Platform\GUI\Walnut\ImGui\ImGuiTheme.h(52,12):
  	see reference to function template instantiation 'float pow<float,float,0>(_Ty1,_Ty2) noexcept' being compiled
          with
          [
              _Ty1=float,
              _Ty2=float
          ]
  
  ImGuiTheme.cpp
C:\Program Files\Microsoft Visual Studio\2022\Community\VC\Tools\MSVC\14.38.33130\include\cmath(673,1): warning C4244: 'return': conversion from 'double' to 'float', possible loss of data
  (compiling source file 'Platform/GUI/Walnut/ImGui/ImGuiTheme.cpp')
  C:\Program Files\Microsoft Visual Studio\2022\Community\VC\Tools\MSVC\14.38.33130\include\cmath(673,1):
  the template instantiation context (the oldest one first) is
  	D:\Repositories\TagGame\Walnut\Walnut\Platform\GUI\Walnut\ImGui\ImGuiTheme.h(52,12):
  	see reference to function template instantiation 'float pow<float,float,0>(_Ty1,_Ty2) noexcept' being compiled
          with
          [
              _Ty1=float,
              _Ty2=float
          ]
  
  Generating Code...
  Walnut.vcxproj -> D:\Repositories\TagGame\bin\Debug-windows-x86_64\Walnut\Walnut.lib
